<?xml version="1.0" encoding="UTF-8"?>
<!-- Generated by org.testng.reporters.JUnitReportReporter -->
<testsuite hostname="SAGE115" failures="0" tests="1" name="Forget_PassWord" time="57.028" errors="0" timestamp="2023-02-15T16:43:12 IST" skipped="0">
  <testcase classname="Forget_PassWord" name="openSagesurfer" time="57.028"/>
  <system-out/>
</testsuite> <!-- Forget_PassWord -->
